Started GET "/" for 187.106.139.231 at 2020-06-26 14:08:07 +0000
Cannot render console from 187.106.139.231! Allowed networks: 127.0.0.0/127.255.255.255, ::1
  [1m[35m (0.7ms)[0m  [1m[34mSELECT "schema_migrations"."version" FROM "schema_migrations" ORDER BY "schema_migrations"."version" ASC[0m
Processing by WelcomeController#index as HTML
  Rendering welcome/index.html.erb within layouts/welcome
  [1m[36mInformation Load (0.8ms)[0m  [1m[34mSELECT "information".* FROM "information"[0m
  ↳ app/views/welcome/index.html.erb:6
[Webpacker] Everything's up-to-date. Nothing to do
  [1m[36mContent Load (0.8ms)[0m  [1m[34mSELECT "contents".* FROM "contents"[0m
  ↳ app/views/welcome/index.html.erb:47
[Webpacker] Everything's up-to-date. Nothing to do
  Rendered welcome/index.html.erb within layouts/welcome (Duration: 62.6ms | Allocations: 28465)
[Webpacker] Everything's up-to-date. Nothing to do
[Webpacker] Everything's up-to-date. Nothing to do
Completed 200 OK in 105ms (Views: 66.4ms | ActiveRecord: 11.9ms | Allocations: 37618)


Started POST "/contacts" for 187.106.139.231 at 2020-06-26 14:08:45 +0000
Cannot render console from 187.106.139.231! Allowed networks: 127.0.0.0/127.255.255.255, ::1
Processing by ContactsController#create as HTML
  Parameters: {"authenticity_token"=>"6kYFBvGBbpcYzBJ4VERQovVHCF3WPqjOu2oyrhIpa3yPCWhzReQehWxD1PkTLfkeyKBHZLkQ8gn4vf11rJkWHg==", "contact"=>{"name"=>"Contato", "email"=>"teste@teste.com", "message"=>"Contato, teste."}, "commit"=>"Enviar Mensagem"}
  [1m[35m (0.3ms)[0m  [1m[35mBEGIN[0m
  ↳ app/controllers/contacts_controller.rb:19:in `create'
  [1m[36mContact Create (0.7ms)[0m  [1m[32mINSERT INTO "contacts" ("name", "email", "message", "created_at", "updated_at") VALUES ($1, $2, $3, $4, $5) RETURNING "id"[0m  [["name", "Contato"], ["email", "teste@teste.com"], ["message", "Contato, teste."], ["created_at", "2020-06-26 14:08:45.575534"], ["updated_at", "2020-06-26 14:08:45.575534"]]
  ↳ app/controllers/contacts_controller.rb:19:in `create'
  [1m[35m (1.6ms)[0m  [1m[35mCOMMIT[0m
  ↳ app/controllers/contacts_controller.rb:19:in `create'
  Rendering contact_mailer/send_email.html.erb within layouts/mailer
  Rendered contact_mailer/send_email.html.erb within layouts/mailer (Duration: 0.5ms | Allocations: 143)
ContactMailer#send_email: processed outbound mail in 5.3ms
Delivered mail 5ef6016d90bbc_76964453a4@66c6297fd536.mail (932.7ms)
Date: Fri, 26 Jun 2020 14:08:45 +0000
From: contato@rubiti.com
To: brandao@rubiti.com
Message-ID: <5ef6016d90bbc_76964453a4@66c6297fd536.mail>
Subject: =?UTF-8?Q?Voc=C3=AA_tem_um_novo_email_de_rubiti.com?=
Mime-Version: 1.0
Content-Type: text/html;
 charset=UTF-8
Content-Transfer-Encoding: 7bit

<!DOCTYPE html>
<html>
  <head>
    <meta http-equiv="Content-Type" content="text/html; charset=utf-8" />
    <style>
      /* Email styles need to be inline */
    </style>
  </head>

  <body>
    <!DOCTYPE html>
<html>
  <head>
    <meta content='text/html; charset=UTF-8' http-equiv='Content-Type' />
  </head>
  <body>
    <p>Nome: Contato</p>
    <p>Email: teste@teste.com</p>
    <p>Mensagem: Contato, teste..<br>
    </p>
  </body>
</html>
  </body>
</html>

Redirected to https://rubiti.com/
Completed 302 Found in 951ms (ActiveRecord: 2.7ms | Allocations: 7939)


Started GET "/" for 187.106.139.231 at 2020-06-26 14:08:46 +0000
Cannot render console from 187.106.139.231! Allowed networks: 127.0.0.0/127.255.255.255, ::1
Processing by WelcomeController#index as HTML
  Rendering welcome/index.html.erb within layouts/welcome
  [1m[36mInformation Load (0.5ms)[0m  [1m[34mSELECT "information".* FROM "information"[0m
  ↳ app/views/welcome/index.html.erb:6
[Webpacker] Everything's up-to-date. Nothing to do
  [1m[36mContent Load (0.5ms)[0m  [1m[34mSELECT "contents".* FROM "contents"[0m
  ↳ app/views/welcome/index.html.erb:47
[Webpacker] Everything's up-to-date. Nothing to do
  Rendered welcome/index.html.erb within layouts/welcome (Duration: 13.4ms | Allocations: 6162)
[Webpacker] Everything's up-to-date. Nothing to do
[Webpacker] Everything's up-to-date. Nothing to do
Completed 200 OK in 23ms (Views: 21.0ms | ActiveRecord: 1.0ms | Allocations: 10811)


